035 (8260393.-01.000) 2020-09-16 23:07:24 Factory submitted from host: <131.169.223.42:9618?addrs=131.169.223.42-9618+[2001-638-700-10df--1-2a]-9618&alias=bird-htc-sched14.desy.de&noUDP&sock=schedd_1884_d884_3>
...
000 (8260393.000.000) 2020-09-16 23:07:24 Job submitted from host: <131.169.223.42:9618?addrs=131.169.223.42-9618+[2001-638-700-10df--1-2a]-9618&alias=bird-htc-sched14.desy.de&noUDP&sock=schedd_1884_d884_3>
...
001 (8260393.000.000) 2020-09-16 23:08:04 Job executing on host: <131.169.84.166:42425?addrs=131.169.84.166-42425>
...
006 (8260393.000.000) 2020-09-16 23:08:13 Image size of job updated: 183464
	110  -  MemoryUsage of job (MB)
	112636  -  ResidentSetSize of job (KB)
...
006 (8260393.000.000) 2020-09-16 23:12:18 Image size of job updated: 733904
	111  -  MemoryUsage of job (MB)
	112672  -  ResidentSetSize of job (KB)
...
005 (8260393.000.000) 2020-09-16 23:12:18 Job terminated.
	(1) Normal termination (return value 0)
		Usr 0 00:03:49, Sys 0 00:00:05  -  Run Remote Usage
		Usr 0 00:00:00, Sys 0 00:00:00  -  Run Local Usage
		Usr 0 00:03:49, Sys 0 00:00:05  -  Total Remote Usage
		Usr 0 00:00:00, Sys 0 00:00:00  -  Total Local Usage
	0  -  Run Bytes Sent By Job
	0  -  Run Bytes Received By Job
	0  -  Total Bytes Sent By Job
	0  -  Total Bytes Received By Job
	Partitionable Resources :    Usage  Request Allocated 
	   Cpus                 :     0.79        1         1 
	   Disk (KB)            :  1000      512000    851251 
	   Memory (MB)          :   111        1536      1536 
...
036 (8260393.-01.000) 2020-09-16 23:12:18 Factory removed
	Materialized 1 jobs from 0 items.	Complete
...
035 (10869563.-01.000) 2020-10-16 13:47:52 Factory submitted from host: <131.169.223.42:9618?addrs=131.169.223.42-9618+[2001-638-700-10df--1-2a]-9618&alias=bird-htc-sched14.desy.de&noUDP&sock=schedd_3943631_6d64_3>
...
000 (10869563.000.000) 2020-10-16 13:47:52 Job submitted from host: <131.169.223.42:9618?addrs=131.169.223.42-9618+[2001-638-700-10df--1-2a]-9618&alias=bird-htc-sched14.desy.de&noUDP&sock=schedd_3943631_6d64_3>
...
001 (10869563.000.000) 2020-10-16 14:17:59 Job executing on host: <131.169.84.148:39314?addrs=131.169.84.148-39314>
...
006 (10869563.000.000) 2020-10-16 14:18:07 Image size of job updated: 128296
	101  -  MemoryUsage of job (MB)
	103260  -  ResidentSetSize of job (KB)
...
005 (10869563.000.000) 2020-10-16 14:18:08 Job terminated.
	(1) Normal termination (return value 112)
		Usr 0 00:00:01, Sys 0 00:00:01  -  Run Remote Usage
		Usr 0 00:00:00, Sys 0 00:00:00  -  Run Local Usage
		Usr 0 00:00:01, Sys 0 00:00:01  -  Total Remote Usage
		Usr 0 00:00:00, Sys 0 00:00:00  -  Total Local Usage
	0  -  Run Bytes Sent By Job
	0  -  Run Bytes Received By Job
	0  -  Total Bytes Sent By Job
	0  -  Total Bytes Received By Job
	Partitionable Resources :    Usage  Request Allocated 
	   Cpus                 :        0        1         1 
	   Disk (KB)            :     1000   512000    672454 
	   Memory (MB)          :      101     1536      1536 
...
036 (10869563.-01.000) 2020-10-16 14:18:08 Factory removed
	Materialized 1 jobs from 0 items.	Complete
...
035 (10887486.-01.000) 2020-10-16 16:19:01 Factory submitted from host: <131.169.223.42:9618?addrs=131.169.223.42-9618+[2001-638-700-10df--1-2a]-9618&alias=bird-htc-sched14.desy.de&noUDP&sock=schedd_3943631_6d64_3>
...
000 (10887486.000.000) 2020-10-16 16:19:01 Job submitted from host: <131.169.223.42:9618?addrs=131.169.223.42-9618+[2001-638-700-10df--1-2a]-9618&alias=bird-htc-sched14.desy.de&noUDP&sock=schedd_3943631_6d64_3>
...
001 (10887486.000.000) 2020-10-16 16:21:14 Job executing on host: <131.169.164.17:43046?addrs=131.169.164.17-43046&alias=bird817.desy.de>
...
006 (10887486.000.000) 2020-10-16 16:21:23 Image size of job updated: 111572
	0  -  MemoryUsage of job (MB)
	0  -  ResidentSetSize of job (KB)
...
005 (10887486.000.000) 2020-10-16 16:21:23 Job terminated.
	(1) Normal termination (return value 112)
		Usr 0 00:00:01, Sys 0 00:00:01  -  Run Remote Usage
		Usr 0 00:00:00, Sys 0 00:00:00  -  Run Local Usage
		Usr 0 00:00:01, Sys 0 00:00:01  -  Total Remote Usage
		Usr 0 00:00:00, Sys 0 00:00:00  -  Total Local Usage
	0  -  Run Bytes Sent By Job
	0  -  Run Bytes Received By Job
	0  -  Total Bytes Sent By Job
	0  -  Total Bytes Received By Job
	Partitionable Resources :    Usage  Request Allocated 
	   Cpus                 :        0        1         1 
	   Disk (KB)            :     1000   512000   1520116 
	   Memory (MB)          :        0     1536      1536 

	Job terminated of its own accord at 2020-10-16T14:21:23Z.
...
036 (10887486.-01.000) 2020-10-16 16:21:23 Factory removed
	Materialized 1 jobs from 0 items.	Complete
...
035 (10889809.-01.000) 2020-10-16 16:32:48 Factory submitted from host: <131.169.223.42:9618?addrs=131.169.223.42-9618+[2001-638-700-10df--1-2a]-9618&alias=bird-htc-sched14.desy.de&noUDP&sock=schedd_3943631_6d64_3>
...
000 (10889809.000.000) 2020-10-16 16:32:48 Job submitted from host: <131.169.223.42:9618?addrs=131.169.223.42-9618+[2001-638-700-10df--1-2a]-9618&alias=bird-htc-sched14.desy.de&noUDP&sock=schedd_3943631_6d64_3>
...
001 (10889809.000.000) 2020-10-16 16:40:36 Job executing on host: <131.169.160.151:36652?addrs=131.169.160.151-36652&alias=batch1051.desy.de>
...
006 (10889809.000.000) 2020-10-16 16:40:45 Image size of job updated: 173068
	102  -  MemoryUsage of job (MB)
	104104  -  ResidentSetSize of job (KB)
...
006 (10889809.000.000) 2020-10-16 16:45:34 Image size of job updated: 843464
	102  -  MemoryUsage of job (MB)
	104108  -  ResidentSetSize of job (KB)
...
005 (10889809.000.000) 2020-10-16 16:45:34 Job terminated.
	(1) Normal termination (return value 0)
		Usr 0 00:04:43, Sys 0 00:00:06  -  Run Remote Usage
		Usr 0 00:00:00, Sys 0 00:00:00  -  Run Local Usage
		Usr 0 00:04:43, Sys 0 00:00:06  -  Total Remote Usage
		Usr 0 00:00:00, Sys 0 00:00:00  -  Total Local Usage
	0  -  Run Bytes Sent By Job
	0  -  Run Bytes Received By Job
	0  -  Total Bytes Sent By Job
	0  -  Total Bytes Received By Job
	Partitionable Resources :    Usage  Request Allocated 
	   Cpus                 :     1.00        1         1 
	   Disk (KB)            :  1000      512000   1459266 
	   Memory (MB)          :   102        1536      1536 

	Job terminated of its own accord at 2020-10-16T14:45:34Z.
...
036 (10889809.-01.000) 2020-10-16 16:45:34 Factory removed
	Materialized 1 jobs from 0 items.	Complete
...
035 (11340334.-01.000) 2020-10-29 01:17:58 Factory submitted from host: <131.169.223.42:9618?addrs=131.169.223.42-9618+[2001-638-700-10df--1-2a]-9618&alias=bird-htc-sched14.desy.de&noUDP&sock=schedd_3943631_6d64_3>
...
000 (11340334.000.000) 2020-10-29 01:17:58 Job submitted from host: <131.169.223.42:9618?addrs=131.169.223.42-9618+[2001-638-700-10df--1-2a]-9618&alias=bird-htc-sched14.desy.de&noUDP&sock=schedd_3943631_6d64_3>
...
001 (11340334.000.000) 2020-10-29 01:18:12 Job executing on host: <131.169.77.166:44518?addrs=131.169.77.166-44518&alias=bird646.desy.de>
...
006 (11340334.000.000) 2020-10-29 01:18:21 Image size of job updated: 279988
	205  -  MemoryUsage of job (MB)
	209020  -  ResidentSetSize of job (KB)
...
006 (11340334.000.000) 2020-10-29 01:23:22 Image size of job updated: 1707484
	1649  -  MemoryUsage of job (MB)
	1688444  -  ResidentSetSize of job (KB)
...
006 (11340334.000.000) 2020-10-29 01:24:23 Image size of job updated: 1707760
	1649  -  MemoryUsage of job (MB)
	1688444  -  ResidentSetSize of job (KB)
...
005 (11340334.000.000) 2020-10-29 01:24:23 Job terminated.
	(1) Normal termination (return value 0)
		Usr 0 00:06:00, Sys 0 00:00:04  -  Run Remote Usage
		Usr 0 00:00:00, Sys 0 00:00:00  -  Run Local Usage
		Usr 0 00:06:00, Sys 0 00:00:04  -  Total Remote Usage
		Usr 0 00:00:00, Sys 0 00:00:00  -  Total Local Usage
	0  -  Run Bytes Sent By Job
	0  -  Run Bytes Received By Job
	0  -  Total Bytes Sent By Job
	0  -  Total Bytes Received By Job
	Partitionable Resources :    Usage  Request Allocated 
	   Cpus                 :     1.00        1         1 
	   Disk (KB)            :  1000      512000   1919893 
	   Memory (MB)          :  1649        1536      1536 

	Job terminated of its own accord at 2020-10-29T00:24:23Z.
...
036 (11340334.-01.000) 2020-10-29 01:24:23 Factory removed
	Materialized 1 jobs from 0 items.	Complete
...
