035 (46946614.-01.000) 05/25 00:29:44 Factory submitted from host: <131.169.223.41:9618?addrs=131.169.223.41-9618+[2001-638-700-10df--1-29]-9618&noUDP&sock=schedd_2006168_f5e8_3>
...
000 (46946614.000.000) 05/25 00:29:44 Job submitted from host: <131.169.223.41:9618?addrs=131.169.223.41-9618+[2001-638-700-10df--1-29]-9618&noUDP&sock=schedd_2006168_f5e8_3>
...
001 (46946614.000.000) 05/25 00:30:18 Job executing on host: <131.169.77.40:37081?addrs=131.169.77.40-37081>
...
006 (46946614.000.000) 05/25 00:30:26 Image size of job updated: 195040
	126  -  MemoryUsage of job (MB)
	128044  -  ResidentSetSize of job (KB)
...
006 (46946614.000.000) 05/25 00:34:25 Image size of job updated: 1410752
	126  -  MemoryUsage of job (MB)
	128044  -  ResidentSetSize of job (KB)
...
005 (46946614.000.000) 05/25 00:34:25 Job terminated.
	(1) Normal termination (return value 0)
		Usr 0 00:03:21, Sys 0 00:00:04  -  Run Remote Usage
		Usr 0 00:00:00, Sys 0 00:00:00  -  Run Local Usage
		Usr 0 00:03:21, Sys 0 00:00:04  -  Total Remote Usage
		Usr 0 00:00:00, Sys 0 00:00:00  -  Total Local Usage
	0  -  Run Bytes Sent By Job
	0  -  Run Bytes Received By Job
	0  -  Total Bytes Sent By Job
	0  -  Total Bytes Received By Job
	Partitionable Resources :    Usage  Request Allocated 
	   Cpus                 :     0.94        1         1 
	   Disk (KB)            :  1000      512000    950219 
	   Memory (MB)          :   126        1536      1536 
...
036 (46946614.-01.000) 05/25 00:34:25 Factory removed
	Materialized 1 jobs from 0 items.	Complete
...
035 (46946661.-01.000) 05/25 01:14:50 Factory submitted from host: <131.169.223.41:9618?addrs=131.169.223.41-9618+[2001-638-700-10df--1-29]-9618&noUDP&sock=schedd_2006168_f5e8_3>
...
000 (46946661.000.000) 05/25 01:14:50 Job submitted from host: <131.169.223.41:9618?addrs=131.169.223.41-9618+[2001-638-700-10df--1-29]-9618&noUDP&sock=schedd_2006168_f5e8_3>
...
001 (46946661.000.000) 05/25 01:15:24 Job executing on host: <131.169.84.164:35215?addrs=131.169.84.164-35215>
...
006 (46946661.000.000) 05/25 01:15:32 Image size of job updated: 177708
	109  -  MemoryUsage of job (MB)
	110796  -  ResidentSetSize of job (KB)
...
006 (46946661.000.000) 05/25 01:20:32 Image size of job updated: 1095648
	1001  -  MemoryUsage of job (MB)
	1024628  -  ResidentSetSize of job (KB)
...
006 (46946661.000.000) 05/25 01:25:33 Image size of job updated: 1360620
	1260  -  MemoryUsage of job (MB)
	1289600  -  ResidentSetSize of job (KB)
...
006 (46946661.000.000) 05/25 01:30:33 Image size of job updated: 1689040
	1260  -  MemoryUsage of job (MB)
	1289600  -  ResidentSetSize of job (KB)
...
006 (46946661.000.000) 05/25 01:34:14 Image size of job updated: 1947364
	1260  -  MemoryUsage of job (MB)
	1289600  -  ResidentSetSize of job (KB)
...
005 (46946661.000.000) 05/25 01:34:14 Job terminated.
	(1) Normal termination (return value 0)
		Usr 0 00:14:49, Sys 0 00:00:14  -  Run Remote Usage
		Usr 0 00:00:00, Sys 0 00:00:00  -  Run Local Usage
		Usr 0 00:14:49, Sys 0 00:00:14  -  Total Remote Usage
		Usr 0 00:00:00, Sys 0 00:00:00  -  Total Local Usage
	0  -  Run Bytes Sent By Job
	0  -  Run Bytes Received By Job
	0  -  Total Bytes Sent By Job
	0  -  Total Bytes Received By Job
	Partitionable Resources :    Usage  Request Allocated 
	   Cpus                 :     0.68        1         1 
	   Disk (KB)            :  1000      512000    941421 
	   Memory (MB)          :  1260        1536      1536 
...
036 (46946661.-01.000) 05/25 01:34:14 Factory removed
	Materialized 1 jobs from 0 items.	Complete
...
