035 (21950163.-01.000) 2021-06-28 16:44:25 Factory submitted from host: <131.169.223.42:9618?addrs=131.169.223.42-9618+[2001-638-700-10df--1-2a]-9618&alias=bird-htc-sched14.desy.de&noUDP&sock=schedd_2274715_dda4_3>
...
000 (21950163.000.000) 2021-06-28 16:44:25 Job submitted from host: <131.169.223.42:9618?addrs=131.169.223.42-9618+[2001-638-700-10df--1-2a]-9618&alias=bird-htc-sched14.desy.de&noUDP&sock=schedd_2274715_dda4_3>
...
009 (21950163.000.000) 2021-06-28 16:45:24 Job was aborted by the user.
	via condor_rm (by user kutznerv)
...
036 (21950163.-01.000) 2021-06-28 16:45:24 Factory removed
	Materialized 1 jobs from 0 items.	Incomplete
...
035 (21950172.-01.000) 2021-06-28 16:45:41 Factory submitted from host: <131.169.223.42:9618?addrs=131.169.223.42-9618+[2001-638-700-10df--1-2a]-9618&alias=bird-htc-sched14.desy.de&noUDP&sock=schedd_2274715_dda4_3>
...
000 (21950172.000.000) 2021-06-28 16:45:41 Job submitted from host: <131.169.223.42:9618?addrs=131.169.223.42-9618+[2001-638-700-10df--1-2a]-9618&alias=bird-htc-sched14.desy.de&noUDP&sock=schedd_2274715_dda4_3>
...
040 (21950172.000.000) 2021-06-28 16:47:36 Started transferring input files
	Transferring to host: <131.169.77.35:37246?addrs=131.169.77.35-37246&alias=bird553.desy.de>
...
040 (21950172.000.000) 2021-06-28 16:47:36 Finished transferring input files
...
001 (21950172.000.000) 2021-06-28 16:47:37 Job executing on host: <131.169.77.35:41850?addrs=131.169.77.35-41850&alias=bird553.desy.de>
...
006 (21950172.000.000) 2021-06-28 16:47:45 Image size of job updated: 5368
	5  -  MemoryUsage of job (MB)
	4168  -  ResidentSetSize of job (KB)
...
006 (21950172.000.000) 2021-06-28 16:52:45 Image size of job updated: 4816920
	4346  -  MemoryUsage of job (MB)
	4449712  -  ResidentSetSize of job (KB)
...
006 (21950172.000.000) 2021-06-28 16:54:02 Image size of job updated: 4953192
	4346  -  MemoryUsage of job (MB)
	4449716  -  ResidentSetSize of job (KB)
...
040 (21950172.000.000) 2021-06-28 16:54:02 Started transferring output files
...
040 (21950172.000.000) 2021-06-28 16:54:02 Finished transferring output files
...
005 (21950172.000.000) 2021-06-28 16:54:02 Job terminated.
	(1) Normal termination (return value 112)
		Usr 0 00:05:01, Sys 0 00:00:11  -  Run Remote Usage
		Usr 0 00:00:00, Sys 0 00:00:00  -  Run Local Usage
		Usr 0 00:05:01, Sys 0 00:00:11  -  Total Remote Usage
		Usr 0 00:00:00, Sys 0 00:00:00  -  Total Local Usage
	61738  -  Run Bytes Sent By Job
	974910  -  Run Bytes Received By Job
	61738  -  Total Bytes Sent By Job
	974910  -  Total Bytes Received By Job
	Partitionable Resources :    Usage  Request Allocated 
	   Cpus                 :     0.64        1         1 
	   Disk (KB)            :  1030      512000    758041 
	   Memory (MB)          :  4346        6144      6144 

	Job terminated of its own accord at 2021-06-28T14:54:02Z.
...
036 (21950172.-01.000) 2021-06-28 16:54:02 Factory removed
	Materialized 1 jobs from 0 items.	Complete
...
035 (21951520.-01.000) 2021-06-28 17:10:25 Factory submitted from host: <131.169.223.42:9618?addrs=131.169.223.42-9618+[2001-638-700-10df--1-2a]-9618&alias=bird-htc-sched14.desy.de&noUDP&sock=schedd_2274715_dda4_3>
...
000 (21951520.000.000) 2021-06-28 17:10:25 Job submitted from host: <131.169.223.42:9618?addrs=131.169.223.42-9618+[2001-638-700-10df--1-2a]-9618&alias=bird-htc-sched14.desy.de&noUDP&sock=schedd_2274715_dda4_3>
...
040 (21951520.000.000) 2021-06-28 17:13:59 Started transferring input files
	Transferring to host: <131.169.77.30:43217?addrs=131.169.77.30-43217&alias=bird548.desy.de>
...
040 (21951520.000.000) 2021-06-28 17:13:59 Finished transferring input files
...
001 (21951520.000.000) 2021-06-28 17:14:00 Job executing on host: <131.169.77.30:36822?addrs=131.169.77.30-36822&alias=bird548.desy.de>
...
006 (21951520.000.000) 2021-06-28 17:14:09 Image size of job updated: 101124
	63  -  MemoryUsage of job (MB)
	63868  -  ResidentSetSize of job (KB)
...
006 (21951520.000.000) 2021-06-28 17:19:10 Image size of job updated: 4866436
	4675  -  MemoryUsage of job (MB)
	4787100  -  ResidentSetSize of job (KB)
...
040 (21951520.000.000) 2021-06-28 17:19:28 Started transferring output files
...
040 (21951520.000.000) 2021-06-28 17:19:28 Finished transferring output files
...
005 (21951520.000.000) 2021-06-28 17:19:28 Job terminated.
	(1) Normal termination (return value 112)
		Usr 0 00:05:01, Sys 0 00:00:11  -  Run Remote Usage
		Usr 0 00:00:00, Sys 0 00:00:00  -  Run Local Usage
		Usr 0 00:05:01, Sys 0 00:00:11  -  Total Remote Usage
		Usr 0 00:00:00, Sys 0 00:00:00  -  Total Local Usage
	59281  -  Run Bytes Sent By Job
	974914  -  Run Bytes Received By Job
	59281  -  Total Bytes Sent By Job
	974914  -  Total Bytes Received By Job
	Partitionable Resources :    Usage  Request Allocated 
	   Cpus                 :     0.99        1         1 
	   Disk (KB)            :  1028      512000    757233 
	   Memory (MB)          :  4675        6144      6144 

	Job terminated of its own accord at 2021-06-28T15:19:28Z.
...
036 (21951520.-01.000) 2021-06-28 17:19:28 Factory removed
	Materialized 1 jobs from 0 items.	Complete
...
035 (21953634.-01.000) 2021-06-28 17:55:33 Factory submitted from host: <131.169.223.42:9618?addrs=131.169.223.42-9618+[2001-638-700-10df--1-2a]-9618&alias=bird-htc-sched14.desy.de&noUDP&sock=schedd_2274715_dda4_3>
...
000 (21953634.000.000) 2021-06-28 17:55:33 Job submitted from host: <131.169.223.42:9618?addrs=131.169.223.42-9618+[2001-638-700-10df--1-2a]-9618&alias=bird-htc-sched14.desy.de&noUDP&sock=schedd_2274715_dda4_3>
...
040 (21953634.000.000) 2021-06-28 18:04:49 Started transferring input files
	Transferring to host: <131.169.164.51:34199?addrs=131.169.164.51-34199&alias=bird851.desy.de>
...
040 (21953634.000.000) 2021-06-28 18:04:49 Finished transferring input files
...
001 (21953634.000.000) 2021-06-28 18:04:50 Job executing on host: <131.169.164.51:34533?addrs=131.169.164.51-34533&alias=bird851.desy.de>
...
006 (21953634.000.000) 2021-06-28 18:04:59 Image size of job updated: 167080
	162  -  MemoryUsage of job (MB)
	165584  -  ResidentSetSize of job (KB)
...
006 (21953634.000.000) 2021-06-28 18:10:00 Image size of job updated: 5696988
	5562  -  MemoryUsage of job (MB)
	5694628  -  ResidentSetSize of job (KB)
...
006 (21953634.000.000) 2021-06-28 18:12:26 Image size of job updated: 7497816
	5562  -  MemoryUsage of job (MB)
	5694628  -  ResidentSetSize of job (KB)
...
040 (21953634.000.000) 2021-06-28 18:12:26 Started transferring output files
...
040 (21953634.000.000) 2021-06-28 18:12:26 Finished transferring output files
...
005 (21953634.000.000) 2021-06-28 18:12:26 Job terminated.
	(1) Normal termination (return value 0)
		Usr 0 00:07:13, Sys 0 00:00:12  -  Run Remote Usage
		Usr 0 00:00:00, Sys 0 00:00:00  -  Run Local Usage
		Usr 0 00:07:13, Sys 0 00:00:12  -  Total Remote Usage
		Usr 0 00:00:00, Sys 0 00:00:00  -  Total Local Usage
	83806  -  Run Bytes Sent By Job
	974914  -  Run Bytes Received By Job
	83806  -  Total Bytes Sent By Job
	974914  -  Total Bytes Received By Job
	Partitionable Resources :    Usage  Request Allocated 
	   Cpus                 :     1.00        1         1 
	   Disk (KB)            :  1052      512000   1426131 
	   Memory (MB)          :  5562        6144      6144 

	Job terminated of its own accord at 2021-06-28T16:12:26Z.
...
036 (21953634.-01.000) 2021-06-28 18:12:26 Factory removed
	Materialized 1 jobs from 0 items.	Complete
...
