035 (46946611.-01.000) 05/25 00:29:03 Factory submitted from host: <131.169.223.41:9618?addrs=131.169.223.41-9618+[2001-638-700-10df--1-29]-9618&noUDP&sock=schedd_2006168_f5e8_3>
...
000 (46946611.000.000) 05/25 00:29:03 Job submitted from host: <131.169.223.41:9618?addrs=131.169.223.41-9618+[2001-638-700-10df--1-29]-9618&noUDP&sock=schedd_2006168_f5e8_3>
...
001 (46946611.000.000) 05/25 00:29:06 Job executing on host: <131.169.77.69:33011?addrs=131.169.77.69-33011>
...
006 (46946611.000.000) 05/25 00:29:15 Image size of job updated: 5404
	5  -  MemoryUsage of job (MB)
	4140  -  ResidentSetSize of job (KB)
...
006 (46946611.000.000) 05/25 00:34:15 Image size of job updated: 1053920
	1028  -  MemoryUsage of job (MB)
	1051760  -  ResidentSetSize of job (KB)
...
006 (46946611.000.000) 05/25 00:39:16 Image size of job updated: 1531980
	1335  -  MemoryUsage of job (MB)
	1366092  -  ResidentSetSize of job (KB)
...
006 (46946611.000.000) 05/25 00:44:16 Image size of job updated: 1705796
	1483  -  MemoryUsage of job (MB)
	1518256  -  ResidentSetSize of job (KB)
...
006 (46946611.000.000) 05/25 00:50:03 Image size of job updated: 1708352
	1483  -  MemoryUsage of job (MB)
	1518256  -  ResidentSetSize of job (KB)
...
005 (46946611.000.000) 05/25 00:50:03 Job terminated.
	(1) Normal termination (return value 0)
		Usr 0 00:06:47, Sys 0 00:00:07  -  Run Remote Usage
		Usr 0 00:00:00, Sys 0 00:00:00  -  Run Local Usage
		Usr 0 00:06:47, Sys 0 00:00:07  -  Total Remote Usage
		Usr 0 00:00:00, Sys 0 00:00:00  -  Total Local Usage
	0  -  Run Bytes Sent By Job
	0  -  Run Bytes Received By Job
	0  -  Total Bytes Sent By Job
	0  -  Total Bytes Received By Job
	Partitionable Resources :    Usage  Request Allocated 
	   Cpus                 :     0.01        1         1 
	   Disk (KB)            :  1000      512000    788699 
	   Memory (MB)          :  1483        1536      1536 
...
036 (46946611.-01.000) 05/25 00:50:03 Factory removed
	Materialized 1 jobs from 0 items.	Complete
...
035 (46946663.-01.000) 05/25 01:14:50 Factory submitted from host: <131.169.223.41:9618?addrs=131.169.223.41-9618+[2001-638-700-10df--1-29]-9618&noUDP&sock=schedd_2006168_f5e8_3>
...
000 (46946663.000.000) 05/25 01:14:50 Job submitted from host: <131.169.223.41:9618?addrs=131.169.223.41-9618+[2001-638-700-10df--1-29]-9618&noUDP&sock=schedd_2006168_f5e8_3>
...
001 (46946663.000.000) 05/25 01:15:25 Job executing on host: <131.169.84.149:42944?addrs=131.169.84.149-42944>
...
006 (46946663.000.000) 05/25 01:15:34 Image size of job updated: 74812
	53  -  MemoryUsage of job (MB)
	54064  -  ResidentSetSize of job (KB)
...
006 (46946663.000.000) 05/25 01:20:34 Image size of job updated: 1196952
	1138  -  MemoryUsage of job (MB)
	1164756  -  ResidentSetSize of job (KB)
...
006 (46946663.000.000) 05/25 01:25:34 Image size of job updated: 1359144
	1296  -  MemoryUsage of job (MB)
	1326948  -  ResidentSetSize of job (KB)
...
006 (46946663.000.000) 05/25 01:30:35 Image size of job updated: 1529824
	1463  -  MemoryUsage of job (MB)
	1497628  -  ResidentSetSize of job (KB)
...
006 (46946663.000.000) 05/25 01:35:35 Image size of job updated: 1799132
	1463  -  MemoryUsage of job (MB)
	1497628  -  ResidentSetSize of job (KB)
...
006 (46946663.000.000) 05/25 01:40:36 Image size of job updated: 2046496
	1463  -  MemoryUsage of job (MB)
	1497628  -  ResidentSetSize of job (KB)
...
006 (46946663.000.000) 05/25 01:41:48 Image size of job updated: 3414812
	1463  -  MemoryUsage of job (MB)
	1497628  -  ResidentSetSize of job (KB)
...
005 (46946663.000.000) 05/25 01:41:48 Job terminated.
	(1) Normal termination (return value 0)
		Usr 0 00:22:50, Sys 0 00:00:16  -  Run Remote Usage
		Usr 0 00:00:00, Sys 0 00:00:00  -  Run Local Usage
		Usr 0 00:22:50, Sys 0 00:00:16  -  Total Remote Usage
		Usr 0 00:00:00, Sys 0 00:00:00  -  Total Local Usage
	0  -  Run Bytes Sent By Job
	0  -  Run Bytes Received By Job
	0  -  Total Bytes Sent By Job
	0  -  Total Bytes Received By Job
	Partitionable Resources :    Usage  Request Allocated 
	   Cpus                 :     1.00        1         1 
	   Disk (KB)            :  1000      512000    782750 
	   Memory (MB)          :  1463        1536      1536 
...
036 (46946663.-01.000) 05/25 01:41:48 Factory removed
	Materialized 1 jobs from 0 items.	Complete
...
