035 (8260424.-01.000) 2020-09-16 23:07:32 Factory submitted from host: <131.169.223.42:9618?addrs=131.169.223.42-9618+[2001-638-700-10df--1-2a]-9618&alias=bird-htc-sched14.desy.de&noUDP&sock=schedd_1884_d884_3>
...
000 (8260424.000.000) 2020-09-16 23:07:32 Job submitted from host: <131.169.223.42:9618?addrs=131.169.223.42-9618+[2001-638-700-10df--1-2a]-9618&alias=bird-htc-sched14.desy.de&noUDP&sock=schedd_1884_d884_3>
...
001 (8260424.000.000) 2020-09-16 23:08:04 Job executing on host: <131.169.84.173:43204?addrs=131.169.84.173-43204>
...
006 (8260424.000.000) 2020-09-16 23:08:13 Image size of job updated: 190980
	118  -  MemoryUsage of job (MB)
	120136  -  ResidentSetSize of job (KB)
...
006 (8260424.000.000) 2020-09-16 23:12:32 Image size of job updated: 991264
	118  -  MemoryUsage of job (MB)
	120216  -  ResidentSetSize of job (KB)
...
005 (8260424.000.000) 2020-09-16 23:12:32 Job terminated.
	(1) Normal termination (return value 0)
		Usr 0 00:04:08, Sys 0 00:00:03  -  Run Remote Usage
		Usr 0 00:00:00, Sys 0 00:00:00  -  Run Local Usage
		Usr 0 00:04:08, Sys 0 00:00:03  -  Total Remote Usage
		Usr 0 00:00:00, Sys 0 00:00:00  -  Total Local Usage
	0  -  Run Bytes Sent By Job
	0  -  Run Bytes Received By Job
	0  -  Total Bytes Sent By Job
	0  -  Total Bytes Received By Job
	Partitionable Resources :    Usage  Request Allocated 
	   Cpus                 :     1.00        1         1 
	   Disk (KB)            :  1000      512000    850314 
	   Memory (MB)          :   118        1536      1536 
...
036 (8260424.-01.000) 2020-09-16 23:12:32 Factory removed
	Materialized 1 jobs from 0 items.	Complete
...
