035 (46946618.-01.000) 05/25 00:51:20 Factory submitted from host: <131.169.223.41:9618?addrs=131.169.223.41-9618+[2001-638-700-10df--1-29]-9618&noUDP&sock=schedd_2006168_f5e8_3>
...
000 (46946618.000.000) 05/25 00:51:20 Job submitted from host: <131.169.223.41:9618?addrs=131.169.223.41-9618+[2001-638-700-10df--1-29]-9618&noUDP&sock=schedd_2006168_f5e8_3>
...
001 (46946618.000.000) 05/25 00:51:49 Job executing on host: <131.169.84.250:45740?addrs=131.169.84.250-45740>
...
006 (46946618.000.000) 05/25 00:51:58 Image size of job updated: 1000
	1  -  MemoryUsage of job (MB)
	708  -  ResidentSetSize of job (KB)
...
006 (46946618.000.000) 05/25 00:56:59 Image size of job updated: 1338440
	1239  -  MemoryUsage of job (MB)
	1267724  -  ResidentSetSize of job (KB)
...
006 (46946618.000.000) 05/25 00:58:21 Image size of job updated: 2906020
	1239  -  MemoryUsage of job (MB)
	1267724  -  ResidentSetSize of job (KB)
...
005 (46946618.000.000) 05/25 00:58:21 Job terminated.
	(1) Normal termination (return value 0)
		Usr 0 00:03:30, Sys 0 00:00:04  -  Run Remote Usage
		Usr 0 00:00:00, Sys 0 00:00:00  -  Run Local Usage
		Usr 0 00:03:30, Sys 0 00:00:04  -  Total Remote Usage
		Usr 0 00:00:00, Sys 0 00:00:00  -  Total Local Usage
	0  -  Run Bytes Sent By Job
	0  -  Run Bytes Received By Job
	0  -  Total Bytes Sent By Job
	0  -  Total Bytes Received By Job
	Partitionable Resources :    Usage  Request Allocated 
	   Cpus                 :     0.90        1         1 
	   Disk (KB)            :  1000      512000    775371 
	   Memory (MB)          :  1239        1536      1536 
...
036 (46946618.-01.000) 05/25 00:58:21 Factory removed
	Materialized 1 jobs from 0 items.	Complete
...
035 (46946659.-01.000) 05/25 01:14:50 Factory submitted from host: <131.169.223.41:9618?addrs=131.169.223.41-9618+[2001-638-700-10df--1-29]-9618&noUDP&sock=schedd_2006168_f5e8_3>
...
000 (46946659.000.000) 05/25 01:14:50 Job submitted from host: <131.169.223.41:9618?addrs=131.169.223.41-9618+[2001-638-700-10df--1-29]-9618&noUDP&sock=schedd_2006168_f5e8_3>
...
001 (46946659.000.000) 05/25 01:15:24 Job executing on host: <131.169.77.22:32918?addrs=131.169.77.22-32918>
...
006 (46946659.000.000) 05/25 01:15:33 Image size of job updated: 105976
	47  -  MemoryUsage of job (MB)
	48076  -  ResidentSetSize of job (KB)
...
006 (46946659.000.000) 05/25 01:20:33 Image size of job updated: 1126180
	1030  -  MemoryUsage of job (MB)
	1053788  -  ResidentSetSize of job (KB)
...
006 (46946659.000.000) 05/25 01:25:33 Image size of job updated: 1373980
	1030  -  MemoryUsage of job (MB)
	1053816  -  ResidentSetSize of job (KB)
...
006 (46946659.000.000) 05/25 01:30:34 Image size of job updated: 1664736
	1030  -  MemoryUsage of job (MB)
	1053816  -  ResidentSetSize of job (KB)
...
006 (46946659.000.000) 05/25 01:35:34 Image size of job updated: 2043440
	1030  -  MemoryUsage of job (MB)
	1053816  -  ResidentSetSize of job (KB)
...
006 (46946659.000.000) 05/25 01:36:14 Image size of job updated: 2044020
	1030  -  MemoryUsage of job (MB)
	1053816  -  ResidentSetSize of job (KB)
...
005 (46946659.000.000) 05/25 01:36:14 Job terminated.
	(1) Normal termination (return value 0)
		Usr 0 00:16:01, Sys 0 00:00:16  -  Run Remote Usage
		Usr 0 00:00:00, Sys 0 00:00:00  -  Run Local Usage
		Usr 0 00:16:01, Sys 0 00:00:16  -  Total Remote Usage
		Usr 0 00:00:00, Sys 0 00:00:00  -  Total Local Usage
	0  -  Run Bytes Sent By Job
	0  -  Run Bytes Received By Job
	0  -  Total Bytes Sent By Job
	0  -  Total Bytes Received By Job
	Partitionable Resources :    Usage  Request Allocated 
	   Cpus                 :     0.01        1         1 
	   Disk (KB)            :  1000      512000    934291 
	   Memory (MB)          :  1030        1536      1536 
...
036 (46946659.-01.000) 05/25 01:36:14 Factory removed
	Materialized 1 jobs from 0 items.	Complete
...
