035 (8260424.-01.000) 2020-09-16 23:07:32 Factory submitted from host: <131.169.223.42:9618?addrs=131.169.223.42-9618+[2001-638-700-10df--1-2a]-9618&alias=bird-htc-sched14.desy.de&noUDP&sock=schedd_1884_d884_3>
...
000 (8260424.000.000) 2020-09-16 23:07:32 Job submitted from host: <131.169.223.42:9618?addrs=131.169.223.42-9618+[2001-638-700-10df--1-2a]-9618&alias=bird-htc-sched14.desy.de&noUDP&sock=schedd_1884_d884_3>
...
001 (8260424.000.000) 2020-09-16 23:08:04 Job executing on host: <131.169.84.173:43204?addrs=131.169.84.173-43204>
...
006 (8260424.000.000) 2020-09-16 23:08:13 Image size of job updated: 190980
	118  -  MemoryUsage of job (MB)
	120136  -  ResidentSetSize of job (KB)
...
006 (8260424.000.000) 2020-09-16 23:12:32 Image size of job updated: 991264
	118  -  MemoryUsage of job (MB)
	120216  -  ResidentSetSize of job (KB)
...
005 (8260424.000.000) 2020-09-16 23:12:32 Job terminated.
	(1) Normal termination (return value 0)
		Usr 0 00:04:08, Sys 0 00:00:03  -  Run Remote Usage
		Usr 0 00:00:00, Sys 0 00:00:00  -  Run Local Usage
		Usr 0 00:04:08, Sys 0 00:00:03  -  Total Remote Usage
		Usr 0 00:00:00, Sys 0 00:00:00  -  Total Local Usage
	0  -  Run Bytes Sent By Job
	0  -  Run Bytes Received By Job
	0  -  Total Bytes Sent By Job
	0  -  Total Bytes Received By Job
	Partitionable Resources :    Usage  Request Allocated 
	   Cpus                 :     1.00        1         1 
	   Disk (KB)            :  1000      512000    850314 
	   Memory (MB)          :   118        1536      1536 
...
036 (8260424.-01.000) 2020-09-16 23:12:32 Factory removed
	Materialized 1 jobs from 0 items.	Complete
...
035 (10869075.-01.000) 2020-10-16 13:26:06 Factory submitted from host: <131.169.223.42:9618?addrs=131.169.223.42-9618+[2001-638-700-10df--1-2a]-9618&alias=bird-htc-sched14.desy.de&noUDP&sock=schedd_3943631_6d64_3>
...
000 (10869075.000.000) 2020-10-16 13:26:06 Job submitted from host: <131.169.223.42:9618?addrs=131.169.223.42-9618+[2001-638-700-10df--1-2a]-9618&alias=bird-htc-sched14.desy.de&noUDP&sock=schedd_3943631_6d64_3>
...
001 (10869075.000.000) 2020-10-16 13:26:14 Job executing on host: <131.169.77.126:33209?addrs=131.169.77.126-33209&alias=bird064.desy.de>
...
006 (10869075.000.000) 2020-10-16 13:26:23 Image size of job updated: 169900
	101  -  MemoryUsage of job (MB)
	103056  -  ResidentSetSize of job (KB)
...
005 (10869075.000.000) 2020-10-16 13:26:27 Job terminated.
	(1) Normal termination (return value 112)
		Usr 0 00:00:01, Sys 0 00:00:01  -  Run Remote Usage
		Usr 0 00:00:00, Sys 0 00:00:00  -  Run Local Usage
		Usr 0 00:00:01, Sys 0 00:00:01  -  Total Remote Usage
		Usr 0 00:00:00, Sys 0 00:00:00  -  Total Local Usage
	0  -  Run Bytes Sent By Job
	0  -  Run Bytes Received By Job
	0  -  Total Bytes Sent By Job
	0  -  Total Bytes Received By Job
	Partitionable Resources :    Usage  Request Allocated 
	   Cpus                 :        0        1         1 
	   Disk (KB)            :     1000   512000    716497 
	   Memory (MB)          :      101     1536      1536 

	Job terminated of its own accord at 2020-10-16T11:26:27Z.
...
036 (10869075.-01.000) 2020-10-16 13:26:27 Factory removed
	Materialized 1 jobs from 0 items.	Complete
...
035 (10869559.-01.000) 2020-10-16 13:47:36 Factory submitted from host: <131.169.223.42:9618?addrs=131.169.223.42-9618+[2001-638-700-10df--1-2a]-9618&alias=bird-htc-sched14.desy.de&noUDP&sock=schedd_3943631_6d64_3>
...
000 (10869559.000.000) 2020-10-16 13:47:36 Job submitted from host: <131.169.223.42:9618?addrs=131.169.223.42-9618+[2001-638-700-10df--1-2a]-9618&alias=bird-htc-sched14.desy.de&noUDP&sock=schedd_3943631_6d64_3>
...
001 (10869559.000.000) 2020-10-16 14:17:58 Job executing on host: <131.169.84.153:42260?addrs=131.169.84.153-42260>
...
006 (10869559.000.000) 2020-10-16 14:18:06 Image size of job updated: 111028
	102  -  MemoryUsage of job (MB)
	103528  -  ResidentSetSize of job (KB)
...
005 (10869559.000.000) 2020-10-16 14:18:08 Job terminated.
	(1) Normal termination (return value 112)
		Usr 0 00:00:01, Sys 0 00:00:01  -  Run Remote Usage
		Usr 0 00:00:00, Sys 0 00:00:00  -  Run Local Usage
		Usr 0 00:00:01, Sys 0 00:00:01  -  Total Remote Usage
		Usr 0 00:00:00, Sys 0 00:00:00  -  Total Local Usage
	0  -  Run Bytes Sent By Job
	0  -  Run Bytes Received By Job
	0  -  Total Bytes Sent By Job
	0  -  Total Bytes Received By Job
	Partitionable Resources :    Usage  Request Allocated 
	   Cpus                 :        0        1         1 
	   Disk (KB)            :     1000   512000    671393 
	   Memory (MB)          :      102     1536      1536 
...
036 (10869559.-01.000) 2020-10-16 14:18:08 Factory removed
	Materialized 1 jobs from 0 items.	Complete
...
035 (10887167.-01.000) 2020-10-16 16:17:37 Factory submitted from host: <131.169.223.42:9618?addrs=131.169.223.42-9618+[2001-638-700-10df--1-2a]-9618&alias=bird-htc-sched14.desy.de&noUDP&sock=schedd_3943631_6d64_3>
...
000 (10887167.000.000) 2020-10-16 16:17:37 Job submitted from host: <131.169.223.42:9618?addrs=131.169.223.42-9618+[2001-638-700-10df--1-2a]-9618&alias=bird-htc-sched14.desy.de&noUDP&sock=schedd_3943631_6d64_3>
...
001 (10887167.000.000) 2020-10-16 16:21:14 Job executing on host: <131.169.164.26:41912?addrs=131.169.164.26-41912&alias=bird826.desy.de>
...
006 (10887167.000.000) 2020-10-16 16:21:23 Image size of job updated: 170388
	0  -  MemoryUsage of job (MB)
	0  -  ResidentSetSize of job (KB)
...
005 (10887167.000.000) 2020-10-16 16:21:23 Job terminated.
	(1) Normal termination (return value 112)
		Usr 0 00:00:01, Sys 0 00:00:01  -  Run Remote Usage
		Usr 0 00:00:00, Sys 0 00:00:00  -  Run Local Usage
		Usr 0 00:00:01, Sys 0 00:00:01  -  Total Remote Usage
		Usr 0 00:00:00, Sys 0 00:00:00  -  Total Local Usage
	0  -  Run Bytes Sent By Job
	0  -  Run Bytes Received By Job
	0  -  Total Bytes Sent By Job
	0  -  Total Bytes Received By Job
	Partitionable Resources :    Usage  Request Allocated 
	   Cpus                 :     0.04        1         1 
	   Disk (KB)            :  1000      512000   1520799 
	   Memory (MB)          :     0        1536      1536 

	Job terminated of its own accord at 2020-10-16T14:21:23Z.
...
036 (10887167.-01.000) 2020-10-16 16:21:23 Factory removed
	Materialized 1 jobs from 0 items.	Complete
...
035 (10889777.-01.000) 2020-10-16 16:32:41 Factory submitted from host: <131.169.223.42:9618?addrs=131.169.223.42-9618+[2001-638-700-10df--1-2a]-9618&alias=bird-htc-sched14.desy.de&noUDP&sock=schedd_3943631_6d64_3>
...
000 (10889777.000.000) 2020-10-16 16:32:41 Job submitted from host: <131.169.223.42:9618?addrs=131.169.223.42-9618+[2001-638-700-10df--1-2a]-9618&alias=bird-htc-sched14.desy.de&noUDP&sock=schedd_3943631_6d64_3>
...
001 (10889777.000.000) 2020-10-16 16:40:37 Job executing on host: <131.169.162.172:45202?addrs=131.169.162.172-45202&alias=batch1172.desy.de>
...
006 (10889777.000.000) 2020-10-16 16:40:46 Image size of job updated: 181256
	108  -  MemoryUsage of job (MB)
	110268  -  ResidentSetSize of job (KB)
...
006 (10889777.000.000) 2020-10-16 16:44:41 Image size of job updated: 1087532
	108  -  MemoryUsage of job (MB)
	110336  -  ResidentSetSize of job (KB)
...
005 (10889777.000.000) 2020-10-16 16:44:41 Job terminated.
	(1) Normal termination (return value 0)
		Usr 0 00:03:53, Sys 0 00:00:02  -  Run Remote Usage
		Usr 0 00:00:00, Sys 0 00:00:00  -  Run Local Usage
		Usr 0 00:03:53, Sys 0 00:00:02  -  Total Remote Usage
		Usr 0 00:00:00, Sys 0 00:00:00  -  Total Local Usage
	0  -  Run Bytes Sent By Job
	0  -  Run Bytes Received By Job
	0  -  Total Bytes Sent By Job
	0  -  Total Bytes Received By Job
	Partitionable Resources :    Usage  Request Allocated 
	   Cpus                 :     0.99        1         1 
	   Disk (KB)            :  1000      512000   1472099 
	   Memory (MB)          :   108        1536      1536 

	Job terminated of its own accord at 2020-10-16T14:44:41Z.
...
036 (10889777.-01.000) 2020-10-16 16:44:42 Factory removed
	Materialized 1 jobs from 0 items.	Complete
...
035 (12717451.-01.000) 2020-11-25 18:00:23 Factory submitted from host: <131.169.223.42:9618?addrs=131.169.223.42-9618+[2001-638-700-10df--1-2a]-9618&alias=bird-htc-sched14.desy.de&noUDP&sock=schedd_3943631_6d64_29>
...
000 (12717451.000.000) 2020-11-25 18:00:23 Job submitted from host: <131.169.223.42:9618?addrs=131.169.223.42-9618+[2001-638-700-10df--1-2a]-9618&alias=bird-htc-sched14.desy.de&noUDP&sock=schedd_3943631_6d64_29>
...
001 (12717451.000.000) 2020-11-25 18:00:47 Job executing on host: <131.169.160.192:46406?addrs=131.169.160.192-46406&alias=batch1186.desy.de>
...
006 (12717451.000.000) 2020-11-25 18:00:55 Image size of job updated: 101724
	54  -  MemoryUsage of job (MB)
	54368  -  ResidentSetSize of job (KB)
...
006 (12717451.000.000) 2020-11-25 18:05:55 Image size of job updated: 3443172
	3111  -  MemoryUsage of job (MB)
	3185312  -  ResidentSetSize of job (KB)
...
006 (12717451.000.000) 2020-11-25 18:10:56 Image size of job updated: 3443540
	3111  -  MemoryUsage of job (MB)
	3185312  -  ResidentSetSize of job (KB)
...
006 (12717451.000.000) 2020-11-25 18:19:37 Image size of job updated: 3853992
	3111  -  MemoryUsage of job (MB)
	3185312  -  ResidentSetSize of job (KB)
...
005 (12717451.000.000) 2020-11-25 18:19:37 Job terminated.
	(1) Normal termination (return value 0)
		Usr 0 00:15:25, Sys 0 00:00:35  -  Run Remote Usage
		Usr 0 00:00:00, Sys 0 00:00:00  -  Run Local Usage
		Usr 0 00:15:25, Sys 0 00:00:35  -  Total Remote Usage
		Usr 0 00:00:00, Sys 0 00:00:00  -  Total Local Usage
	0  -  Run Bytes Sent By Job
	0  -  Run Bytes Received By Job
	0  -  Total Bytes Sent By Job
	0  -  Total Bytes Received By Job
	Partitionable Resources :    Usage  Request Allocated 
	   Cpus                 :     0.28        1         1 
	   Disk (KB)            :  1000      512000   1490868 
	   Memory (MB)          :  3111        1536      1536 

	Job terminated of its own accord at 2020-11-25T17:19:37Z.
...
036 (12717451.-01.000) 2020-11-25 18:19:37 Factory removed
	Materialized 1 jobs from 0 items.	Complete
...
