035 (8269531.-01.000) 2020-09-16 23:51:00 Factory submitted from host: <131.169.223.42:9618?addrs=131.169.223.42-9618+[2001-638-700-10df--1-2a]-9618&alias=bird-htc-sched14.desy.de&noUDP&sock=schedd_1884_d884_3>
...
000 (8269531.000.000) 2020-09-16 23:51:00 Job submitted from host: <131.169.223.42:9618?addrs=131.169.223.42-9618+[2001-638-700-10df--1-2a]-9618&alias=bird-htc-sched14.desy.de&noUDP&sock=schedd_1884_d884_3>
...
001 (8269531.000.000) 2020-09-16 23:51:40 Job executing on host: <131.169.84.183:41348?addrs=131.169.84.183-41348>
...
006 (8269531.000.000) 2020-09-16 23:51:48 Image size of job updated: 169724
	101  -  MemoryUsage of job (MB)
	102780  -  ResidentSetSize of job (KB)
...
006 (8269531.000.000) 2020-09-16 23:55:36 Image size of job updated: 686976
	101  -  MemoryUsage of job (MB)
	102780  -  ResidentSetSize of job (KB)
...
005 (8269531.000.000) 2020-09-16 23:55:36 Job terminated.
	(1) Normal termination (return value 0)
		Usr 0 00:03:34, Sys 0 00:00:04  -  Run Remote Usage
		Usr 0 00:00:00, Sys 0 00:00:00  -  Run Local Usage
		Usr 0 00:03:34, Sys 0 00:00:04  -  Total Remote Usage
		Usr 0 00:00:00, Sys 0 00:00:00  -  Total Local Usage
	0  -  Run Bytes Sent By Job
	0  -  Run Bytes Received By Job
	0  -  Total Bytes Sent By Job
	0  -  Total Bytes Received By Job
	Partitionable Resources :    Usage  Request Allocated 
	   Cpus                 :     0.98        1         1 
	   Disk (KB)            :  1000      512000    950510 
	   Memory (MB)          :   101        1536      1536 
...
036 (8269531.-01.000) 2020-09-16 23:55:37 Factory removed
	Materialized 1 jobs from 0 items.	Complete
...
