035 (46946612.-01.000) 05/25 00:29:14 Factory submitted from host: <131.169.223.41:9618?addrs=131.169.223.41-9618+[2001-638-700-10df--1-29]-9618&noUDP&sock=schedd_2006168_f5e8_3>
...
000 (46946612.000.000) 05/25 00:29:14 Job submitted from host: <131.169.223.41:9618?addrs=131.169.223.41-9618+[2001-638-700-10df--1-29]-9618&noUDP&sock=schedd_2006168_f5e8_3>
...
001 (46946612.000.000) 05/25 00:29:42 Job executing on host: <131.169.77.27:39062?addrs=131.169.77.27-39062>
...
006 (46946612.000.000) 05/25 00:29:51 Image size of job updated: 166972
	98  -  MemoryUsage of job (MB)
	100112  -  ResidentSetSize of job (KB)
...
006 (46946612.000.000) 05/25 00:34:52 Image size of job updated: 1939072
	1823  -  MemoryUsage of job (MB)
	1866564  -  ResidentSetSize of job (KB)
...
006 (46946612.000.000) 05/25 00:37:04 Image size of job updated: 1939456
	1823  -  MemoryUsage of job (MB)
	1866564  -  ResidentSetSize of job (KB)
...
005 (46946612.000.000) 05/25 00:37:04 Job terminated.
	(1) Normal termination (return value 0)
		Usr 0 00:05:47, Sys 0 00:00:04  -  Run Remote Usage
		Usr 0 00:00:00, Sys 0 00:00:00  -  Run Local Usage
		Usr 0 00:05:47, Sys 0 00:00:04  -  Total Remote Usage
		Usr 0 00:00:00, Sys 0 00:00:00  -  Total Local Usage
	0  -  Run Bytes Sent By Job
	0  -  Run Bytes Received By Job
	0  -  Total Bytes Sent By Job
	0  -  Total Bytes Received By Job
	Partitionable Resources :    Usage  Request Allocated 
	   Cpus                 :     0.93        1         1 
	   Disk (KB)            :  1000      512000    934543 
	   Memory (MB)          :  1823        1536      1536 
...
036 (46946612.-01.000) 05/25 00:37:04 Factory removed
	Materialized 1 jobs from 0 items.	Complete
...
035 (46946662.-01.000) 05/25 01:14:50 Factory submitted from host: <131.169.223.41:9618?addrs=131.169.223.41-9618+[2001-638-700-10df--1-29]-9618&noUDP&sock=schedd_2006168_f5e8_3>
...
000 (46946662.000.000) 05/25 01:14:50 Job submitted from host: <131.169.223.41:9618?addrs=131.169.223.41-9618+[2001-638-700-10df--1-29]-9618&noUDP&sock=schedd_2006168_f5e8_3>
...
001 (46946662.000.000) 05/25 01:15:25 Job executing on host: <131.169.84.149:42944?addrs=131.169.84.149-42944>
...
006 (46946662.000.000) 05/25 01:15:34 Image size of job updated: 83152
	53  -  MemoryUsage of job (MB)
	54068  -  ResidentSetSize of job (KB)
...
006 (46946662.000.000) 05/25 01:20:34 Image size of job updated: 1212420
	1147  -  MemoryUsage of job (MB)
	1173564  -  ResidentSetSize of job (KB)
...
006 (46946662.000.000) 05/25 01:25:34 Image size of job updated: 1406012
	1336  -  MemoryUsage of job (MB)
	1367156  -  ResidentSetSize of job (KB)
...
006 (46946662.000.000) 05/25 01:30:35 Image size of job updated: 1579728
	1505  -  MemoryUsage of job (MB)
	1540872  -  ResidentSetSize of job (KB)
...
006 (46946662.000.000) 05/25 01:35:35 Image size of job updated: 1816060
	1505  -  MemoryUsage of job (MB)
	1540872  -  ResidentSetSize of job (KB)
...
006 (46946662.000.000) 05/25 01:40:36 Image size of job updated: 2075484
	1777  -  MemoryUsage of job (MB)
	1818788  -  ResidentSetSize of job (KB)
...
005 (46946662.000.000) 05/25 01:41:28 Job terminated.
	(1) Normal termination (return value 0)
		Usr 0 00:23:11, Sys 0 00:00:17  -  Run Remote Usage
		Usr 0 00:00:00, Sys 0 00:00:00  -  Run Local Usage
		Usr 0 00:23:11, Sys 0 00:00:17  -  Total Remote Usage
		Usr 0 00:00:00, Sys 0 00:00:00  -  Total Local Usage
	0  -  Run Bytes Sent By Job
	0  -  Run Bytes Received By Job
	0  -  Total Bytes Sent By Job
	0  -  Total Bytes Received By Job
	Partitionable Resources :    Usage  Request Allocated 
	   Cpus                 :     1.00        1         1 
	   Disk (KB)            :  1000      512000    782750 
	   Memory (MB)          :  1777        1536      1536 
...
036 (46946662.-01.000) 05/25 01:41:28 Factory removed
	Materialized 1 jobs from 0 items.	Complete
...
