035 (21951562.-01.000) 2021-06-28 17:10:41 Factory submitted from host: <131.169.223.42:9618?addrs=131.169.223.42-9618+[2001-638-700-10df--1-2a]-9618&alias=bird-htc-sched14.desy.de&noUDP&sock=schedd_2274715_dda4_3>
...
000 (21951562.000.000) 2021-06-28 17:10:41 Job submitted from host: <131.169.223.42:9618?addrs=131.169.223.42-9618+[2001-638-700-10df--1-2a]-9618&alias=bird-htc-sched14.desy.de&noUDP&sock=schedd_2274715_dda4_3>
...
040 (21951562.000.000) 2021-06-28 17:13:59 Started transferring input files
	Transferring to host: <131.169.77.162:39959?addrs=131.169.77.162-39959&alias=bird642.desy.de>
...
040 (21951562.000.000) 2021-06-28 17:13:59 Finished transferring input files
...
001 (21951562.000.000) 2021-06-28 17:14:00 Job executing on host: <131.169.77.162:42016?addrs=131.169.77.162-42016&alias=bird642.desy.de>
...
006 (21951562.000.000) 2021-06-28 17:14:09 Image size of job updated: 68240
	42  -  MemoryUsage of job (MB)
	42888  -  ResidentSetSize of job (KB)
...
006 (21951562.000.000) 2021-06-28 17:19:10 Image size of job updated: 2332324
	2134  -  MemoryUsage of job (MB)
	2184400  -  ResidentSetSize of job (KB)
...
006 (21951562.000.000) 2021-06-28 17:20:19 Image size of job updated: 2699540
	2134  -  MemoryUsage of job (MB)
	2184400  -  ResidentSetSize of job (KB)
...
040 (21951562.000.000) 2021-06-28 17:20:19 Started transferring output files
...
040 (21951562.000.000) 2021-06-28 17:20:19 Finished transferring output files
...
005 (21951562.000.000) 2021-06-28 17:20:19 Job terminated.
	(1) Normal termination (return value 112)
		Usr 0 00:05:57, Sys 0 00:00:07  -  Run Remote Usage
		Usr 0 00:00:00, Sys 0 00:00:00  -  Run Local Usage
		Usr 0 00:05:57, Sys 0 00:00:07  -  Total Remote Usage
		Usr 0 00:00:00, Sys 0 00:00:00  -  Total Local Usage
	30446  -  Run Bytes Sent By Job
	974911  -  Run Bytes Received By Job
	30446  -  Total Bytes Sent By Job
	974911  -  Total Bytes Received By Job
	Partitionable Resources :    Usage  Request Allocated 
	   Cpus                 :     1.00        1         1 
	   Disk (KB)            :  1000      512000   1907679 
	   Memory (MB)          :  2134        6144      6144 

	Job terminated of its own accord at 2021-06-28T15:20:19Z.
...
036 (21951562.-01.000) 2021-06-28 17:20:19 Factory removed
	Materialized 1 jobs from 0 items.	Complete
...
035 (21953647.-01.000) 2021-06-28 17:55:43 Factory submitted from host: <131.169.223.42:9618?addrs=131.169.223.42-9618+[2001-638-700-10df--1-2a]-9618&alias=bird-htc-sched14.desy.de&noUDP&sock=schedd_2274715_dda4_3>
...
000 (21953647.000.000) 2021-06-28 17:55:43 Job submitted from host: <131.169.223.42:9618?addrs=131.169.223.42-9618+[2001-638-700-10df--1-2a]-9618&alias=bird-htc-sched14.desy.de&noUDP&sock=schedd_2274715_dda4_3>
...
040 (21953647.000.000) 2021-06-28 18:12:35 Started transferring input files
	Transferring to host: <131.169.77.213:38318?addrs=131.169.77.213-38318&alias=bird767.desy.de>
...
040 (21953647.000.000) 2021-06-28 18:12:35 Finished transferring input files
...
001 (21953647.000.000) 2021-06-28 18:12:36 Job executing on host: <131.169.77.213:36969?addrs=131.169.77.213-36969&alias=bird767.desy.de>
...
006 (21953647.000.000) 2021-06-28 18:12:45 Image size of job updated: 20628
	9  -  MemoryUsage of job (MB)
	9124  -  ResidentSetSize of job (KB)
...
006 (21953647.000.000) 2021-06-28 18:17:46 Image size of job updated: 1979688
	1931  -  MemoryUsage of job (MB)
	1976804  -  ResidentSetSize of job (KB)
...
006 (21953647.000.000) 2021-06-28 18:22:46 Image size of job updated: 5205736
	5060  -  MemoryUsage of job (MB)
	5180984  -  ResidentSetSize of job (KB)
...
040 (21953647.000.000) 2021-06-28 18:37:23 Started transferring output files
...
040 (21953647.000.000) 2021-06-28 18:37:23 Finished transferring output files
...
005 (21953647.000.000) 2021-06-28 18:37:23 Job terminated.
	(1) Normal termination (return value 0)
		Usr 0 00:24:03, Sys 0 00:00:22  -  Run Remote Usage
		Usr 0 00:00:00, Sys 0 00:00:00  -  Run Local Usage
		Usr 0 00:24:03, Sys 0 00:00:22  -  Total Remote Usage
		Usr 0 00:00:00, Sys 0 00:00:00  -  Total Local Usage
	48363  -  Run Bytes Sent By Job
	974911  -  Run Bytes Received By Job
	48363  -  Total Bytes Sent By Job
	974911  -  Total Bytes Received By Job
	Partitionable Resources :    Usage  Request Allocated 
	   Cpus                 :     1.00        1         1 
	   Disk (KB)            :  1017      512000   1906774 
	   Memory (MB)          :  5060        6144      6144 

	Job terminated of its own accord at 2021-06-28T16:37:23Z.
...
036 (21953647.-01.000) 2021-06-28 18:37:23 Factory removed
	Materialized 1 jobs from 0 items.	Complete
...
