035 (20595178.-01.000) 2021-05-27 12:26:01 Factory submitted from host: <131.169.223.42:9618?addrs=131.169.223.42-9618+[2001-638-700-10df--1-2a]-9618&alias=bird-htc-sched14.desy.de&noUDP&sock=schedd_14156_6ac2_3>
...
000 (20595178.000.000) 2021-05-27 12:26:01 Job submitted from host: <131.169.223.42:9618?addrs=131.169.223.42-9618+[2001-638-700-10df--1-2a]-9618&alias=bird-htc-sched14.desy.de&noUDP&sock=schedd_14156_6ac2_3>
...
001 (20595178.000.000) 2021-05-27 12:26:59 Job executing on host: <131.169.162.194:35687?addrs=131.169.162.194-35687+[2001-638-700-10a0--1-2c2]-35687&alias=batch1194.desy.de>
...
006 (20595178.000.000) 2021-05-27 12:27:08 Image size of job updated: 1000
	1  -  MemoryUsage of job (MB)
	740  -  ResidentSetSize of job (KB)
...
005 (20595178.000.000) 2021-05-27 12:27:08 Job terminated.
	(1) Normal termination (return value 112)
		Usr 0 00:00:03, Sys 0 00:00:01  -  Run Remote Usage
		Usr 0 00:00:00, Sys 0 00:00:00  -  Run Local Usage
		Usr 0 00:00:03, Sys 0 00:00:01  -  Total Remote Usage
		Usr 0 00:00:00, Sys 0 00:00:00  -  Total Local Usage
	0  -  Run Bytes Sent By Job
	0  -  Run Bytes Received By Job
	0  -  Total Bytes Sent By Job
	0  -  Total Bytes Received By Job
	Partitionable Resources :    Usage  Request Allocated 
	   Cpus                 :        0        1         1 
	   Disk (KB)            :     1000   512000   1438129 
	   Memory (MB)          :        1     1536      1536 

	Job terminated of its own accord at 2021-05-27T10:27:08Z.
...
036 (20595178.-01.000) 2021-05-27 12:27:08 Factory removed
	Materialized 1 jobs from 0 items.	Complete
...
035 (20595184.-01.000) 2021-05-27 12:31:07 Factory submitted from host: <131.169.223.42:9618?addrs=131.169.223.42-9618+[2001-638-700-10df--1-2a]-9618&alias=bird-htc-sched14.desy.de&noUDP&sock=schedd_14156_6ac2_3>
...
000 (20595184.000.000) 2021-05-27 12:31:07 Job submitted from host: <131.169.223.42:9618?addrs=131.169.223.42-9618+[2001-638-700-10df--1-2a]-9618&alias=bird-htc-sched14.desy.de&noUDP&sock=schedd_14156_6ac2_3>
...
001 (20595184.000.000) 2021-05-27 12:31:32 Job executing on host: <131.169.77.125:35960?addrs=131.169.77.125-35960&alias=bird063.desy.de>
...
006 (20595184.000.000) 2021-05-27 12:31:41 Image size of job updated: 245980
	114  -  MemoryUsage of job (MB)
	115764  -  ResidentSetSize of job (KB)
...
006 (20595184.000.000) 2021-05-27 12:36:42 Image size of job updated: 1652700
	1470  -  MemoryUsage of job (MB)
	1504812  -  ResidentSetSize of job (KB)
...
006 (20595184.000.000) 2021-05-27 12:41:43 Image size of job updated: 2750236
	2542  -  MemoryUsage of job (MB)
	2602348  -  ResidentSetSize of job (KB)
...
006 (20595184.000.000) 2021-05-27 12:42:00 Image size of job updated: 2750236
	2542  -  MemoryUsage of job (MB)
	2602356  -  ResidentSetSize of job (KB)
...
005 (20595184.000.000) 2021-05-27 12:42:00 Job terminated.
	(1) Normal termination (return value 112)
		Usr 0 00:10:03, Sys 0 00:00:15  -  Run Remote Usage
		Usr 0 00:00:00, Sys 0 00:00:00  -  Run Local Usage
		Usr 0 00:10:03, Sys 0 00:00:15  -  Total Remote Usage
		Usr 0 00:00:00, Sys 0 00:00:00  -  Total Local Usage
	0  -  Run Bytes Sent By Job
	0  -  Run Bytes Received By Job
	0  -  Total Bytes Sent By Job
	0  -  Total Bytes Received By Job
	Partitionable Resources :    Usage  Request Allocated 
	   Cpus                 :     1.00        1         1 
	   Disk (KB)            :  1000      512000    626121 
	   Memory (MB)          :  2542        1536      1536 

	Job terminated of its own accord at 2021-05-27T10:42:00Z.
...
036 (20595184.-01.000) 2021-05-27 12:42:00 Factory removed
	Materialized 1 jobs from 0 items.	Complete
...
035 (20597366.-01.000) 2021-05-27 16:18:13 Factory submitted from host: <131.169.223.42:9618?addrs=131.169.223.42-9618+[2001-638-700-10df--1-2a]-9618&alias=bird-htc-sched14.desy.de&noUDP&sock=schedd_14156_6ac2_3>
...
000 (20597366.000.000) 2021-05-27 16:18:13 Job submitted from host: <131.169.223.42:9618?addrs=131.169.223.42-9618+[2001-638-700-10df--1-2a]-9618&alias=bird-htc-sched14.desy.de&noUDP&sock=schedd_14156_6ac2_3>
...
009 (20597366.000.000) 2021-05-27 16:18:36 Job was aborted by the user.
	via condor_rm (by user kutznerv)
...
036 (20597366.-01.000) 2021-05-27 16:18:36 Factory removed
	Materialized 1 jobs from 0 items.	Incomplete
...
035 (20597372.-01.000) 2021-05-27 16:19:06 Factory submitted from host: <131.169.223.42:9618?addrs=131.169.223.42-9618+[2001-638-700-10df--1-2a]-9618&alias=bird-htc-sched14.desy.de&noUDP&sock=schedd_14156_6ac2_3>
...
000 (20597372.000.000) 2021-05-27 16:19:06 Job submitted from host: <131.169.223.42:9618?addrs=131.169.223.42-9618+[2001-638-700-10df--1-2a]-9618&alias=bird-htc-sched14.desy.de&noUDP&sock=schedd_14156_6ac2_3>
...
040 (20597372.000.000) 2021-05-27 16:23:49 Started transferring input files
	Transferring to host: <131.169.163.107:42478?addrs=131.169.163.107-42478&alias=bird668.desy.de>
...
040 (20597372.000.000) 2021-05-27 16:23:49 Finished transferring input files
...
001 (20597372.000.000) 2021-05-27 16:23:50 Job executing on host: <131.169.163.107:42966?addrs=131.169.163.107-42966&alias=bird668.desy.de>
...
006 (20597372.000.000) 2021-05-27 16:23:58 Image size of job updated: 204856
	94  -  MemoryUsage of job (MB)
	96036  -  ResidentSetSize of job (KB)
...
006 (20597372.000.000) 2021-05-27 16:28:58 Image size of job updated: 2029488
	1390  -  MemoryUsage of job (MB)
	1423252  -  ResidentSetSize of job (KB)
...
006 (20597372.000.000) 2021-05-27 16:33:59 Image size of job updated: 5567220
	3506  -  MemoryUsage of job (MB)
	3589968  -  ResidentSetSize of job (KB)
...
040 (20597372.000.000) 2021-05-27 16:52:44 Started transferring output files
...
040 (20597372.000.000) 2021-05-27 16:52:44 Finished transferring output files
...
005 (20597372.000.000) 2021-05-27 16:52:44 Job terminated.
	(1) Normal termination (return value 0)
		Usr 0 00:26:04, Sys 0 00:00:50  -  Run Remote Usage
		Usr 0 00:00:00, Sys 0 00:00:00  -  Run Local Usage
		Usr 0 00:26:04, Sys 0 00:00:50  -  Total Remote Usage
		Usr 0 00:00:00, Sys 0 00:00:00  -  Total Local Usage
	51670  -  Run Bytes Sent By Job
	974774  -  Run Bytes Received By Job
	51670  -  Total Bytes Sent By Job
	974774  -  Total Bytes Received By Job
	Partitionable Resources :    Usage  Request Allocated 
	   Cpus                 :     1.00        1         1 
	   Disk (KB)            :  1021      512000   1314509 
	   Memory (MB)          :  3506        1536      1536 

	Job terminated of its own accord at 2021-05-27T14:52:44Z.
...
036 (20597372.-01.000) 2021-05-27 16:52:44 Factory removed
	Materialized 1 jobs from 0 items.	Complete
...
