035 (22327727.-01.000) 2021-07-21 19:09:03 Factory submitted from host: <131.169.223.42:9618?addrs=131.169.223.42-9618+[2001-638-700-10df--1-2a]-9618&alias=bird-htc-sched14.desy.de&noUDP&sock=schedd_2274715_dda4_3>
...
000 (22327727.000.000) 2021-07-21 19:09:03 Job submitted from host: <131.169.223.42:9618?addrs=131.169.223.42-9618+[2001-638-700-10df--1-2a]-9618&alias=bird-htc-sched14.desy.de&noUDP&sock=schedd_2274715_dda4_3>
...
001 (22327727.000.000) 2021-07-21 19:09:50 Job executing on host: <131.169.160.115:45534?addrs=131.169.160.115-45534&alias=batch1076.desy.de>
...
006 (22327727.000.000) 2021-07-21 19:09:59 Image size of job updated: 195556
	88  -  MemoryUsage of job (MB)
	89996  -  ResidentSetSize of job (KB)
...
006 (22327727.000.000) 2021-07-21 19:15:00 Image size of job updated: 1888988
	1697  -  MemoryUsage of job (MB)
	1737336  -  ResidentSetSize of job (KB)
...
006 (22327727.000.000) 2021-07-21 19:20:01 Image size of job updated: 2983628
	2764  -  MemoryUsage of job (MB)
	2830020  -  ResidentSetSize of job (KB)
...
005 (22327727.000.000) 2021-07-21 19:24:20 Job terminated.
	(1) Normal termination (return value 0)
		Usr 0 00:13:46, Sys 0 00:00:37  -  Run Remote Usage
		Usr 0 00:00:00, Sys 0 00:00:00  -  Run Local Usage
		Usr 0 00:13:46, Sys 0 00:00:37  -  Total Remote Usage
		Usr 0 00:00:00, Sys 0 00:00:00  -  Total Local Usage
	0  -  Run Bytes Sent By Job
	0  -  Run Bytes Received By Job
	0  -  Total Bytes Sent By Job
	0  -  Total Bytes Received By Job
	Partitionable Resources :    Usage  Request Allocated 
	   Cpus                 :     1.00        1         1 
	   Disk (KB)            :  1000    20480000  22006389 
	   Memory (MB)          :  2764        6144      6144 

	Job terminated of its own accord at 2021-07-21T17:24:20Z.
...
036 (22327727.-01.000) 2021-07-21 19:24:20 Factory removed
	Materialized 1 jobs from 0 items.	Complete
...
