035 (22327726.-01.000) 2021-07-21 19:09:03 Factory submitted from host: <131.169.223.42:9618?addrs=131.169.223.42-9618+[2001-638-700-10df--1-2a]-9618&alias=bird-htc-sched14.desy.de&noUDP&sock=schedd_2274715_dda4_3>
...
000 (22327726.000.000) 2021-07-21 19:09:03 Job submitted from host: <131.169.223.42:9618?addrs=131.169.223.42-9618+[2001-638-700-10df--1-2a]-9618&alias=bird-htc-sched14.desy.de&noUDP&sock=schedd_2274715_dda4_3>
...
001 (22327726.000.000) 2021-07-21 19:09:51 Job executing on host: <131.169.162.165:38526?addrs=131.169.162.165-38526&alias=batch1165.desy.de>
...
006 (22327726.000.000) 2021-07-21 19:09:59 Image size of job updated: 15612
	1  -  MemoryUsage of job (MB)
	412  -  ResidentSetSize of job (KB)
...
006 (22327726.000.000) 2021-07-21 19:14:59 Image size of job updated: 5260336
	4976  -  MemoryUsage of job (MB)
	5094824  -  ResidentSetSize of job (KB)
...
005 (22327726.000.000) 2021-07-21 19:15:34 Job terminated.
	(1) Normal termination (return value 0)
		Usr 0 00:05:02, Sys 0 00:00:05  -  Run Remote Usage
		Usr 0 00:00:00, Sys 0 00:00:00  -  Run Local Usage
		Usr 0 00:05:02, Sys 0 00:00:05  -  Total Remote Usage
		Usr 0 00:00:00, Sys 0 00:00:00  -  Total Local Usage
	0  -  Run Bytes Sent By Job
	0  -  Run Bytes Received By Job
	0  -  Total Bytes Sent By Job
	0  -  Total Bytes Received By Job
	Partitionable Resources :    Usage  Request Allocated 
	   Cpus                 :     1.00        1         1 
	   Disk (KB)            :  1000    20480000  21950194 
	   Memory (MB)          :  4976        6144      6144 

	Job terminated of its own accord at 2021-07-21T17:15:34Z.
...
036 (22327726.-01.000) 2021-07-21 19:15:34 Factory removed
	Materialized 1 jobs from 0 items.	Complete
...
